{"name": "test_mail", "status": "broken", "statusDetails": {"message": "selenium.common.exceptions.TimeoutException: Message:", "trace": "tests/test_ukr_net.py:9: in test_mail\n    assert \"Пошта\" in page.find_mail()\npage_objects/home_page.py:9: in find_mail\n    return self.return_element('//a[text()=\"Пошта\"]')\nhelpers/web_element.py:14: in return_element\n    elem = wait.until(lambda x: x.find_element_by_xpath(locator))\nvenv/lib/python3.7/site-packages/selenium/webdriver/support/wait.py:80: in until\n    raise TimeoutException(message, screen, stacktrace)\nE   selenium.common.exceptions.TimeoutException: Message:"}, "attachments": [{"name": "log", "source": "335da80a-04ed-4187-a860-28be18a3cba6-attachment.txt", "type": "text/plain"}, {"name": "stdout", "source": "022125b0-a3e9-4522-8c2d-142acea9d3e9-attachment.txt", "type": "text/plain"}, {"name": "stderr", "source": "7ec32afd-e337-413c-b6e2-e31d57c9020d-attachment.txt", "type": "text/plain"}], "start": 1546436700556, "stop": 1546436711124, "uuid": "8a4689f6-fb67-4056-8b06-77437b154d8e", "historyId": "2fd3086c7e884ee2689d7c6b26f341dd", "fullName": "tests.test_ukr_net#test_mail", "labels": [{"name": "parentSuite", "value": "tests"}, {"name": "suite", "value": "test_ukr_net"}, {"name": "host", "value": "MacBook-Pro-Aleksandr.local"}, {"name": "thread", "value": "14374-MainThread"}, {"name": "framework", "value": "pytest"}, {"name": "language", "value": "cpython3"}, {"name": "package", "value": "tests.test_ukr_net"}]}