{"name": "test_mail", "status": "broken", "statusDetails": {"message": "selenium.common.exceptions.TimeoutException: Message:", "trace": "tests/test_ukr_net.py:9: in test_mail\n    assert \"Пошта\" in page.find_mail()\npage_objects/home_page.py:9: in find_mail\n    return self.return_element(mail)\nhelpers/web_element.py:14: in return_element\n    elem = wait.until(lambda x: x.find_element_by_xpath(locator))\nvenv/lib/python3.7/site-packages/selenium/webdriver/support/wait.py:80: in until\n    raise TimeoutException(message, screen, stacktrace)\nE   selenium.common.exceptions.TimeoutException: Message:"}, "attachments": [{"name": "log", "source": "9d53c7f4-5fcf-4f46-ba98-75d58c8cdb56-attachment.txt", "type": "text/plain"}, {"name": "stdout", "source": "4444e2e2-b5c1-45c1-a759-0065c79e78da-attachment.txt", "type": "text/plain"}, {"name": "stderr", "source": "21f86946-ba50-4a64-ae96-11d9bebf44bf-attachment.txt", "type": "text/plain"}], "start": 1546436660382, "stop": 1546436670628, "uuid": "38f8b8db-3b17-4fed-b47c-e129dc8dfdff", "historyId": "2fd3086c7e884ee2689d7c6b26f341dd", "fullName": "tests.test_ukr_net#test_mail", "labels": [{"name": "parentSuite", "value": "tests"}, {"name": "suite", "value": "test_ukr_net"}, {"name": "host", "value": "MacBook-Pro-Aleksandr.local"}, {"name": "thread", "value": "14339-MainThread"}, {"name": "framework", "value": "pytest"}, {"name": "language", "value": "cpython3"}, {"name": "package", "value": "tests.test_ukr_net"}]}