{"name": "test_srch", "status": "broken", "statusDetails": {"message": "selenium.common.exceptions.WebDriverException: Message: unknown error: Element <button type=\"submit\">...</button> is not clickable at point (953, 76). Other element would receive the click: <div class=\"custombox-content custombox-x-center custombox-y-center custombox-fadein custombox-open\" style=\"animation-duration: 300ms; animation-delay: 150ms;\" ng-click=\"handleOverlayClick($event)\">...</div>\n  (Session info: chrome=71.0.3578.98)\n  (Driver info: chromedriver=2.45.615355 (d5698f682d8b2742017df6c81e0bd8e6a3063189),platform=Mac OS X 10.14.2 x86_64)", "trace": "tests/test_the_house.py:27: in test_srch\n    snbd_page = page.search_item()\npage_objects/home_page.py:20: in search_item\n    self.return_element(srch_btn).click()\n/Library/Frameworks/Python.framework/Versions/3.7/lib/python3.7/site-packages/selenium/webdriver/remote/webelement.py:80: in click\n    self._execute(Command.CLICK_ELEMENT)\n/Library/Frameworks/Python.framework/Versions/3.7/lib/python3.7/site-packages/selenium/webdriver/remote/webelement.py:633: in _execute\n    return self._parent.execute(command, params)\n/Library/Frameworks/Python.framework/Versions/3.7/lib/python3.7/site-packages/selenium/webdriver/remote/webdriver.py:321: in execute\n    self.error_handler.check_response(response)\n/Library/Frameworks/Python.framework/Versions/3.7/lib/python3.7/site-packages/selenium/webdriver/remote/errorhandler.py:242: in check_response\n    raise exception_class(message, screen, stacktrace)\nE   selenium.common.exceptions.WebDriverException: Message: unknown error: Element <button type=\"submit\">...</button> is not clickable at point (953, 76). Other element would receive the click: <div class=\"custombox-content custombox-x-center custombox-y-center custombox-fadein custombox-open\" style=\"animation-duration: 300ms; animation-delay: 150ms;\" ng-click=\"handleOverlayClick($event)\">...</div>\nE     (Session info: chrome=71.0.3578.98)\nE     (Driver info: chromedriver=2.45.615355 (d5698f682d8b2742017df6c81e0bd8e6a3063189),platform=Mac OS X 10.14.2 x86_64)"}, "attachments": [{"name": "screenshot", "source": "0c1083c3-e78a-4549-9905-3a6160c7b641-attachment.png", "type": "image/png"}, {"name": "log", "source": "f9fd4d2a-c58d-475a-8322-eba690daa3fc-attachment.txt", "type": "text/plain"}, {"name": "stdout", "source": "d495781a-6544-4e3b-8e58-7c47f49e5a95-attachment.txt", "type": "text/plain"}, {"name": "stderr", "source": "59609b9e-f0a6-4368-9d2e-e4e7368f9b53-attachment.txt", "type": "text/plain"}], "start": 1546463285845, "stop": 1546463289984, "uuid": "500d6139-428b-4882-ad90-6f7fd2638b19", "historyId": "12db7c170f5d0ffe067807402a78076d", "fullName": "tests.test_the_house#test_srch", "labels": [{"name": "parentSuite", "value": "tests"}, {"name": "suite", "value": "test_the_house"}, {"name": "host", "value": "MacBook-Pro-Aleksandr.local"}, {"name": "thread", "value": "5381-MainThread"}, {"name": "framework", "value": "pytest"}, {"name": "language", "value": "cpython3"}, {"name": "package", "value": "tests.test_the_house"}]}