{"name": "test_mail", "status": "broken", "statusDetails": {"message": "selenium.common.exceptions.TimeoutException: Message:", "trace": "tests/test_ukr_net.py:9: in test_mail\n    assert \"Пошта\" in page.find_mail()\npage_objects/home_page.py:8: in find_mail\n    return self.return_element(mail).text()\nhelpers/web_element.py:14: in return_element\n    elem = wait.until(lambda x: x.find_element_by_xpath(locator))\nvenv/lib/python3.7/site-packages/selenium/webdriver/support/wait.py:80: in until\n    raise TimeoutException(message, screen, stacktrace)\nE   selenium.common.exceptions.TimeoutException: Message:"}, "attachments": [{"name": "log", "source": "d4b72cca-776f-407b-ba60-7d09511e2873-attachment.txt", "type": "text/plain"}, {"name": "stdout", "source": "78df1cb0-9573-4819-a017-16b526f66d7f-attachment.txt", "type": "text/plain"}, {"name": "stderr", "source": "5ad05f3b-f401-47ce-a1aa-2432dbcaed83-attachment.txt", "type": "text/plain"}], "start": 1546435373300, "stop": 1546435382799, "uuid": "49c481dd-d700-4b0d-89d8-8ea2e1ee211c", "historyId": "2fd3086c7e884ee2689d7c6b26f341dd", "fullName": "tests.test_ukr_net#test_mail", "labels": [{"name": "parentSuite", "value": "tests"}, {"name": "suite", "value": "test_ukr_net"}, {"name": "host", "value": "MacBook-Pro-Aleksandr.local"}, {"name": "thread", "value": "13845-MainThread"}, {"name": "framework", "value": "pytest"}, {"name": "language", "value": "cpython3"}, {"name": "package", "value": "tests.test_ukr_net"}]}