{"name": "test_mail", "status": "broken", "statusDetails": {"message": "selenium.common.exceptions.NoSuchElementException: Message: no such element: Unable to locate element: {\"method\":\"xpath\",\"selector\":\"/html/body/form/div[1]/a\"}\n  (Session info: chrome=71.0.3578.98)\n  (Driver info: chromedriver=2.44.609545 (c2f88692e98ce7233d2df7c724465ecacfe74df5),platform=Mac OS X 10.14.2 x86_64)", "trace": "tests/test_ukr_net.py:9: in test_mail\n    print(page.driver.find_element_by_xpath('/html/body/form/div[1]/a').text())\nvenv/lib/python3.7/site-packages/selenium/webdriver/remote/webdriver.py:394: in find_element_by_xpath\n    return self.find_element(by=By.XPATH, value=xpath)\nvenv/lib/python3.7/site-packages/selenium/webdriver/remote/webdriver.py:978: in find_element\n    'value': value})['value']\nvenv/lib/python3.7/site-packages/selenium/webdriver/remote/webdriver.py:321: in execute\n    self.error_handler.check_response(response)\nvenv/lib/python3.7/site-packages/selenium/webdriver/remote/errorhandler.py:242: in check_response\n    raise exception_class(message, screen, stacktrace)\nE   selenium.common.exceptions.NoSuchElementException: Message: no such element: Unable to locate element: {\"method\":\"xpath\",\"selector\":\"/html/body/form/div[1]/a\"}\nE     (Session info: chrome=71.0.3578.98)\nE     (Driver info: chromedriver=2.44.609545 (c2f88692e98ce7233d2df7c724465ecacfe74df5),platform=Mac OS X 10.14.2 x86_64)"}, "attachments": [{"name": "log", "source": "c11518e1-2fd4-468e-ac87-a5d4214d4a8c-attachment.txt", "type": "text/plain"}, {"name": "stdout", "source": "fdb64812-85bb-4b4b-ae59-cb4bfaf6ec56-attachment.txt", "type": "text/plain"}, {"name": "stderr", "source": "ce78fca3-f7b5-422f-946e-0e5c03eefe5d-attachment.txt", "type": "text/plain"}], "start": 1546438046999, "stop": 1546438054858, "uuid": "349d80d0-1ed6-4a2c-b209-bc9456b872e4", "historyId": "2fd3086c7e884ee2689d7c6b26f341dd", "fullName": "tests.test_ukr_net#test_mail", "labels": [{"name": "parentSuite", "value": "tests"}, {"name": "suite", "value": "test_ukr_net"}, {"name": "host", "value": "MacBook-Pro-Aleksandr.local"}, {"name": "thread", "value": "14748-MainThread"}, {"name": "framework", "value": "pytest"}, {"name": "language", "value": "cpython3"}, {"name": "package", "value": "tests.test_ukr_net"}]}