{"name": "test_mail", "status": "broken", "statusDetails": {"message": "selenium.common.exceptions.NoSuchElementException: Message: no such element: Unable to locate element: {\"method\":\"xpath\",\"selector\":\"//a[text()=\"Пошта\"]\"}\n  (Session info: chrome=71.0.3578.98)\n  (Driver info: chromedriver=2.44.609545 (c2f88692e98ce7233d2df7c724465ecacfe74df5),platform=Mac OS X 10.14.2 x86_64)", "trace": "tests/test_ukr_net.py:9: in test_mail\n    print(page.driver.find_element_by_xpath('//a[text('\nvenv/lib/python3.7/site-packages/selenium/webdriver/remote/webdriver.py:394: in find_element_by_xpath\n    return self.find_element(by=By.XPATH, value=xpath)\nvenv/lib/python3.7/site-packages/selenium/webdriver/remote/webdriver.py:978: in find_element\n    'value': value})['value']\nvenv/lib/python3.7/site-packages/selenium/webdriver/remote/webdriver.py:321: in execute\n    self.error_handler.check_response(response)\nvenv/lib/python3.7/site-packages/selenium/webdriver/remote/errorhandler.py:242: in check_response\n    raise exception_class(message, screen, stacktrace)\nE   selenium.common.exceptions.NoSuchElementException: Message: no such element: Unable to locate element: {\"method\":\"xpath\",\"selector\":\"//a[text()=\"Пошта\"]\"}\nE     (Session info: chrome=71.0.3578.98)\nE     (Driver info: chromedriver=2.44.609545 (c2f88692e98ce7233d2df7c724465ecacfe74df5),platform=Mac OS X 10.14.2 x86_64)"}, "attachments": [{"name": "log", "source": "4f0f4979-b8ba-451b-bc92-e712540ec772-attachment.txt", "type": "text/plain"}, {"name": "stdout", "source": "5964dc98-f932-4cd7-8f2d-c523ce7a5bd3-attachment.txt", "type": "text/plain"}, {"name": "stderr", "source": "ef8a3b51-d649-485c-b189-21e6cf3ce2fc-attachment.txt", "type": "text/plain"}], "start": 1546437961587, "stop": 1546437971249, "uuid": "c3b0886c-b4a0-418d-a6c4-ff2aa8dfbe64", "historyId": "2fd3086c7e884ee2689d7c6b26f341dd", "fullName": "tests.test_ukr_net#test_mail", "labels": [{"name": "parentSuite", "value": "tests"}, {"name": "suite", "value": "test_ukr_net"}, {"name": "host", "value": "MacBook-Pro-Aleksandr.local"}, {"name": "thread", "value": "14699-MainThread"}, {"name": "framework", "value": "pytest"}, {"name": "language", "value": "cpython3"}, {"name": "package", "value": "tests.test_ukr_net"}]}