{"name": "test_mail", "status": "broken", "statusDetails": {"message": "selenium.common.exceptions.TimeoutException: Message:", "trace": "tests/test_ukr_net.py:9: in test_mail\n    assert \"Пошта\" in page.find_mail()\npage_objects/home_page.py:8: in find_mail\n    return self.return_element(mail).text()\nhelpers/web_element.py:14: in return_element\n    elem = wait.until(lambda x: x.find_element_by_xpath(locator))\nvenv/lib/python3.7/site-packages/selenium/webdriver/support/wait.py:80: in until\n    raise TimeoutException(message, screen, stacktrace)\nE   selenium.common.exceptions.TimeoutException: Message:"}, "attachments": [{"name": "log", "source": "2833965b-7567-4043-9bc4-32e66635f811-attachment.txt", "type": "text/plain"}, {"name": "stdout", "source": "8d0c16a6-c115-4acb-b7b1-6fa16b79a736-attachment.txt", "type": "text/plain"}, {"name": "stderr", "source": "cdf0aaad-6e6d-479f-8e4d-95fe178d7f73-attachment.txt", "type": "text/plain"}], "start": 1546435261714, "stop": 1546435270120, "uuid": "aae36cf2-38f2-45ce-9b51-38b5e863e856", "historyId": "2fd3086c7e884ee2689d7c6b26f341dd", "fullName": "tests.test_ukr_net#test_mail", "labels": [{"name": "parentSuite", "value": "tests"}, {"name": "suite", "value": "test_ukr_net"}, {"name": "host", "value": "MacBook-Pro-Aleksandr.local"}, {"name": "thread", "value": "13801-MainThread"}, {"name": "framework", "value": "pytest"}, {"name": "language", "value": "cpython3"}, {"name": "package", "value": "tests.test_ukr_net"}]}