{"name": "test_mail", "status": "broken", "statusDetails": {"message": "selenium.common.exceptions.TimeoutException: Message:", "trace": "tests/test_ukr_net.py:9: in test_mail\n    assert \"Пошта\" in page.find_mail()\npage_objects/home_page.py:9: in find_mail\n    return self.return_element(mail).text()\nhelpers/web_element.py:14: in return_element\n    elem = wait.until(lambda x: x.find_element_by_xpath(locator))\nvenv/lib/python3.7/site-packages/selenium/webdriver/support/wait.py:80: in until\n    raise TimeoutException(message, screen, stacktrace)\nE   selenium.common.exceptions.TimeoutException: Message:"}, "attachments": [{"name": "log", "source": "ea2c7365-ab54-4d5d-b9f5-497456594cee-attachment.txt", "type": "text/plain"}, {"name": "stdout", "source": "f125768b-fe95-4481-88f1-59f8933ec120-attachment.txt", "type": "text/plain"}, {"name": "stderr", "source": "2e138f83-ec10-453f-9a5a-7b22fb9142c0-attachment.txt", "type": "text/plain"}], "start": 1546435226912, "stop": 1546435235898, "uuid": "dbb4f9eb-b816-479f-aaa6-4e21cd83a104", "historyId": "2fd3086c7e884ee2689d7c6b26f341dd", "fullName": "tests.test_ukr_net#test_mail", "labels": [{"name": "parentSuite", "value": "tests"}, {"name": "suite", "value": "test_ukr_net"}, {"name": "host", "value": "MacBook-Pro-Aleksandr.local"}, {"name": "thread", "value": "13766-MainThread"}, {"name": "framework", "value": "pytest"}, {"name": "language", "value": "cpython3"}, {"name": "package", "value": "tests.test_ukr_net"}]}