{"name": "test_mail", "status": "broken", "statusDetails": {"message": "selenium.common.exceptions.TimeoutException: Message:", "trace": "tests/test_ukr_net.py:9: in test_mail\n    assert \"Пошта\" in page.find_mail()\npage_objects/home_page.py:9: in find_mail\n    return self.return_element(mail).text()\nhelpers/web_element.py:14: in return_element\n    elem = wait.until(lambda x: x.find_element_by_xpath(locator))\nvenv/lib/python3.7/site-packages/selenium/webdriver/support/wait.py:80: in until\n    raise TimeoutException(message, screen, stacktrace)\nE   selenium.common.exceptions.TimeoutException: Message:"}, "attachments": [{"name": "log", "source": "d5a2996d-44ea-4244-a1be-46578dfea033-attachment.txt", "type": "text/plain"}, {"name": "stdout", "source": "fd170777-7812-4132-8976-96f2fcf1435d-attachment.txt", "type": "text/plain"}, {"name": "stderr", "source": "71d30e87-b94e-4851-b64c-cb1c4f0a9a47-attachment.txt", "type": "text/plain"}], "start": 1546436603806, "stop": 1546436616904, "uuid": "9f00e591-e1a2-40aa-8b4f-07188d971d17", "historyId": "2fd3086c7e884ee2689d7c6b26f341dd", "fullName": "tests.test_ukr_net#test_mail", "labels": [{"name": "parentSuite", "value": "tests"}, {"name": "suite", "value": "test_ukr_net"}, {"name": "host", "value": "MacBook-Pro-Aleksandr.local"}, {"name": "thread", "value": "14302-MainThread"}, {"name": "framework", "value": "pytest"}, {"name": "language", "value": "cpython3"}, {"name": "package", "value": "tests.test_ukr_net"}]}