{"name": "test_mail", "status": "broken", "statusDetails": {"message": "selenium.common.exceptions.TimeoutException: Message:", "trace": "tests/test_ukr_net.py:8: in test_mail\n    assert \"Пошта\" in page.find_mail()\npage_objects/home_page.py:11: in find_mail\n    return self.return_element(mail).text\nhelpers/web_element.py:14: in return_element\n    elem = wait.until(lambda x: x.find_element_by_xpath(locator))\nvenv/lib/python3.7/site-packages/selenium/webdriver/support/wait.py:80: in until\n    raise TimeoutException(message, screen, stacktrace)\nE   selenium.common.exceptions.TimeoutException: Message:"}, "attachments": [{"name": "log", "source": "274de56a-75d7-495d-af0d-f4e9cf01a5f1-attachment.txt", "type": "text/plain"}, {"name": "stdout", "source": "cb2ced4f-a632-4bc0-ab05-5740053b9c22-attachment.txt", "type": "text/plain"}, {"name": "stderr", "source": "9c092e8d-3479-428a-a1fb-9494f96dac41-attachment.txt", "type": "text/plain"}], "start": 1546439217275, "stop": 1546439229113, "uuid": "88585c53-a408-451f-a85a-17da599e6775", "historyId": "2fd3086c7e884ee2689d7c6b26f341dd", "fullName": "tests.test_ukr_net#test_mail", "labels": [{"name": "parentSuite", "value": "tests"}, {"name": "suite", "value": "test_ukr_net"}, {"name": "host", "value": "MacBook-Pro-Aleksandr.local"}, {"name": "thread", "value": "15372-MainThread"}, {"name": "framework", "value": "pytest"}, {"name": "language", "value": "cpython3"}, {"name": "package", "value": "tests.test_ukr_net"}]}