{"name": "test_mail", "status": "broken", "statusDetails": {"message": "selenium.common.exceptions.TimeoutException: Message:", "trace": "tests/test_ukr_net.py:9: in test_mail\n    assert \"Пошта\" in page.find_mail()\npage_objects/home_page.py:9: in find_mail\n    return self.return_element(mail)\nhelpers/web_element.py:14: in return_element\n    elem = wait.until(lambda x: x.find_element_by_xpath(locator))\nvenv/lib/python3.7/site-packages/selenium/webdriver/support/wait.py:80: in until\n    raise TimeoutException(message, screen, stacktrace)\nE   selenium.common.exceptions.TimeoutException: Message:"}, "attachments": [{"name": "log", "source": "b6b36342-fb0e-4a47-96a1-e84d3ca946db-attachment.txt", "type": "text/plain"}, {"name": "stdout", "source": "a833eb6e-4f4c-462f-8c5e-115adb2741b2-attachment.txt", "type": "text/plain"}, {"name": "stderr", "source": "f2709a5d-3f68-4247-965b-63010fb9f6c9-attachment.txt", "type": "text/plain"}], "start": 1546435170910, "stop": 1546435181020, "uuid": "a3f9ba53-bdac-4c20-a4c6-1d2bafff82dd", "historyId": "2fd3086c7e884ee2689d7c6b26f341dd", "fullName": "tests.test_ukr_net#test_mail", "labels": [{"name": "parentSuite", "value": "tests"}, {"name": "suite", "value": "test_ukr_net"}, {"name": "host", "value": "MacBook-Pro-Aleksandr.local"}, {"name": "thread", "value": "13727-MainThread"}, {"name": "framework", "value": "pytest"}, {"name": "language", "value": "cpython3"}, {"name": "package", "value": "tests.test_ukr_net"}]}