{"name": "test_mail", "status": "broken", "statusDetails": {"message": "selenium.common.exceptions.TimeoutException: Message:", "trace": "tests/test_ukr_net.py:9: in test_mail\n    assert \"Пошта\" in page.find_mail()\npage_objects/home_page.py:8: in find_mail\n    return self.return_element(mail).text()\nhelpers/web_element.py:14: in return_element\n    elem = wait.until(lambda x: x.find_element_by_xpath(locator))\nvenv/lib/python3.7/site-packages/selenium/webdriver/support/wait.py:80: in until\n    raise TimeoutException(message, screen, stacktrace)\nE   selenium.common.exceptions.TimeoutException: Message:"}, "attachments": [{"name": "log", "source": "e96a9e0b-a612-43b5-88a4-39646f72085a-attachment.txt", "type": "text/plain"}, {"name": "stdout", "source": "a664f8f1-62ae-4b11-8b62-8702d6d494c3-attachment.txt", "type": "text/plain"}, {"name": "stderr", "source": "65c3f2aa-0034-408e-a516-dc189f0a7915-attachment.txt", "type": "text/plain"}], "start": 1546435571157, "stop": 1546435580653, "uuid": "c3276f2b-93d5-43f0-beda-0a4c815a46ca", "historyId": "2fd3086c7e884ee2689d7c6b26f341dd", "fullName": "tests.test_ukr_net#test_mail", "labels": [{"name": "parentSuite", "value": "tests"}, {"name": "suite", "value": "test_ukr_net"}, {"name": "host", "value": "MacBook-Pro-Aleksandr.local"}, {"name": "thread", "value": "13931-MainThread"}, {"name": "framework", "value": "pytest"}, {"name": "language", "value": "cpython3"}, {"name": "package", "value": "tests.test_ukr_net"}]}